SF:lib/src/parser/exception.dart
DA:8,3
DA:14,1
DA:22,2
LF:3
LH:3
end_of_record
SF:lib/src/base.dart
DA:11,1
DA:18,0
DA:19,1
DA:21,1
DA:22,2
DA:24,2
DA:26,2
DA:27,1
DA:28,3
DA:30,1
DA:31,1
DA:32,1
DA:38,1
DA:42,0
DA:43,1
DA:47,2
DA:48,2
DA:49,2
DA:50,2
DA:51,2
DA:52,1
DA:54,1
DA:55,1
DA:56,1
LF:24
LH:22
end_of_record
SF:lib/src/parser/parser.dart
DA:11,2
DA:12,2
DA:15,4
DA:16,2
DA:21,2
DA:23,2
DA:24,1
DA:30,2
DA:31,2
DA:33,6
DA:38,2
DA:39,2
DA:41,6
DA:46,2
DA:47,2
DA:49,6
DA:51,8
DA:52,2
DA:61,2
DA:64,8
DA:65,2
DA:66,2
DA:67,2
DA:71,2
DA:73,4
DA:75,2
DA:76,6
DA:81,4
DA:85,2
DA:86,2
DA:90,2
DA:91,2
DA:92,2
DA:96,2
DA:98,2
DA:99,2
DA:103,2
DA:104,2
DA:105,2
DA:109,2
DA:111,2
DA:112,2
DA:116,2
DA:119,2
DA:127,2
DA:129,2
DA:138,2
DA:139,2
DA:143,2
DA:145,2
DA:146,1
DA:152,2
DA:153,2
DA:154,2
DA:159,2
DA:161,2
DA:162,2
DA:167,2
DA:169,2
DA:170,2
DA:175,2
DA:177,2
DA:178,2
DA:182,2
DA:184,2
DA:187,4
DA:191,2
DA:192,2
DA:194,6
DA:198,2
DA:202,4
DA:204,2
DA:209,4
DA:214,2
DA:219,2
DA:220,2
DA:221,2
DA:223,2
DA:228,2
DA:230,2
DA:234,2
DA:237,2
DA:241,4
DA:243,4
DA:245,2
DA:247,2
DA:249,2
DA:254,2
DA:256,2
LF:89
LH:89
end_of_record
SF:lib/src/model/recipe_detail_model.dart
DA:11,0
DA:38,0
DA:49,0
DA:66,0
LF:4
LH:0
end_of_record
SF:lib/src/model/recipes_model.dart
DA:11,0
DA:40,0
LF:2
LH:0
end_of_record
SF:lib/src/extension/string_ex.dart
DA:2,3
DA:4,3
DA:5,3
LF:3
LH:3
end_of_record
