SF:lib/src/parser/exception.dart
DA:8,1
DA:14,0
DA:22,1
LF:3
LH:2
end_of_record
SF:lib/src/base.dart
DA:10,1
DA:15,0
DA:16,1
DA:18,1
DA:19,2
DA:21,2
DA:23,2
DA:24,1
DA:25,3
DA:27,1
DA:28,1
DA:29,1
LF:12
LH:11
end_of_record
SF:lib/src/parser/parser.dart
DA:11,1
DA:12,1
DA:15,2
DA:16,1
DA:21,1
DA:23,1
DA:24,0
DA:30,1
DA:31,1
DA:33,3
DA:38,1
DA:39,1
DA:41,3
DA:46,1
DA:47,1
DA:49,3
DA:51,4
DA:52,1
DA:61,1
DA:64,4
DA:65,1
DA:66,1
DA:67,1
DA:71,1
DA:73,2
DA:75,1
DA:76,3
DA:81,2
DA:85,1
DA:86,1
DA:90,1
DA:91,1
DA:92,1
DA:96,1
DA:98,1
DA:99,1
DA:103,1
DA:104,1
DA:105,1
DA:109,1
DA:111,1
DA:112,1
DA:116,1
DA:119,1
DA:120,1
DA:127,1
DA:129,1
DA:138,0
DA:139,0
DA:143,0
DA:145,0
DA:146,0
DA:152,0
DA:153,0
DA:154,0
DA:159,0
DA:161,0
DA:162,0
DA:167,0
DA:169,0
DA:170,0
DA:175,0
DA:177,0
DA:178,0
DA:183,0
DA:185,0
DA:188,0
DA:189,0
DA:193,0
DA:197,0
DA:198,0
DA:200,0
DA:204,0
DA:208,0
DA:210,0
DA:215,0
DA:220,0
DA:225,0
DA:226,0
DA:227,0
DA:229,0
DA:233,0
DA:235,0
DA:237,0
DA:241,0
DA:244,0
DA:248,0
DA:250,0
DA:252,0
DA:254,0
DA:256,0
DA:261,0
DA:263,0
LF:93
LH:46
end_of_record
SF:lib/src/model/recipes_model.dart
DA:11,0
DA:22,0
LF:2
LH:0
end_of_record
SF:lib/src/extension/string_ex.dart
DA:2,1
DA:4,1
DA:5,1
LF:3
LH:3
end_of_record
SF:lib/src/model/recipe_detail_model.dart
DA:11,0
DA:23,0
DA:31,0
DA:40,0
LF:4
LH:0
end_of_record
